<?xml version="1.0" encoding="utf-8"?><testsuites name="pytest tests"><testsuite name="pytest" errors="0" failures="0" skipped="4" tests="40" time="213.103" timestamp="2026-02-13T17:22:28.000211+00:00" hostname="agent-env-535759db-709a-442b-85c2-35fb34b6f600"><testcase classname="backend.tests.test_cactus_features.TestCactusCallUsername" name="test_cactus_caller_username_is_set" time="3.192" /><testcase classname="backend.tests.test_cactus_features.TestCactusFinalTurnsCountdown" name="test_cactus_sets_remaining_final_turns" time="1.956" /><testcase classname="backend.tests.test_cactus_features.TestCactusFinalTurnsCountdown" name="test_cactus_turn_moves_to_next_player" time="2.188" /><testcase classname="backend.tests.test_cactus_features.TestCactusFinalTurnsCountdown" name="test_remaining_final_turns_decrements_to_end_game" time="4.473" /><testcase classname="backend.tests.test_cactus_features.TestFastDiscardOnOpponent" name="test_successful_fast_discard_sets_pending_give_card" time="3.201"><skipped type="pytest.skip" message="No matching card found in bot's hand for testing pending_give_card">/app/backend/tests/test_cactus_features.py:244: No matching card found in bot's hand for testing pending_give_card</skipped></testcase><testcase classname="backend.tests.test_cactus_features.TestFastDiscardOnOpponent" name="test_give_card_action_transfers_card" time="1.719"><skipped type="pytest.skip" message="No matching card found for complete give_card test">/app/backend/tests/test_cactus_features.py:314: No matching card found for complete give_card test</skipped></testcase><testcase classname="backend.tests.test_cactus_features.TestSpecialCards" name="test_discard_8_sets_special_available" time="18.206" /><testcase classname="backend.tests.test_cactus_features.TestSpecialCards" name="test_special_look_own_with_jack" time="50.022"><skipped type="pytest.skip" message="Could not draw a Jack in 20 attempts">/app/backend/tests/test_cactus_features.py:454: Could not draw a Jack in 20 attempts</skipped></testcase><testcase classname="backend.tests.test_cactus_features.TestSpecialCards" name="test_special_look_opponent_with_8" time="48.408"><skipped type="pytest.skip" message="Could not draw an 8 in 20 attempts">/app/backend/tests/test_cactus_features.py:522: Could not draw an 8 in 20 attempts</skipped></testcase><testcase classname="backend.tests.test_cactus_features.TestSpecialCards" name="test_special_swap_with_10" time="7.115" /><testcase classname="backend.tests.test_cactus_features.TestGameEndScoring" name="test_game_ended_has_round_scores" time="3.689" /><testcase classname="backend.tests.test_cactus_game.TestAuthentication" name="test_login_existing_user" time="0.465" /><testcase classname="backend.tests.test_cactus_game.TestAuthentication" name="test_login_invalid_credentials" time="0.394" /><testcase classname="backend.tests.test_cactus_game.TestAuthentication" name="test_get_current_user" time="0.508" /><testcase classname="backend.tests.test_cactus_game.TestBotGameMode" name="test_create_bot_room" time="0.542" /><testcase classname="backend.tests.test_cactus_game.TestBotGameMode" name="test_start_bot_game" time="0.723" /><testcase classname="backend.tests.test_cactus_game.TestBotGameMode" name="test_initial_card_reveal" time="1.840" /><testcase classname="backend.tests.test_cactus_game.TestBotGameMode" name="test_draw_card_from_deck" time="1.118" /><testcase classname="backend.tests.test_cactus_game.TestBotGameMode" name="test_exchange_card" time="1.586" /><testcase classname="backend.tests.test_cactus_game.TestBotGameMode" name="test_discard_drawn_card" time="1.694" /><testcase classname="backend.tests.test_cactus_game.TestBotGameMode" name="test_bot_auto_turn" time="4.167" /><testcase classname="backend.tests.test_cactus_game.TestPollingEndpoint" name="test_room_polling" time="1.680" /><testcase classname="backend.tests.test_cactus_game.TestPollingEndpoint" name="test_multiple_rapid_polls" time="2.814" /><testcase classname="backend.tests.test_cactus_game.TestResetTurn" name="test_reset_turn" time="1.421" /><testcase classname="backend.tests.test_cactus_game.TestMultiplayerRoom" name="test_create_multiplayer_room" time="0.505" /><testcase classname="backend.tests.test_cactus_game.TestMultiplayerRoom" name="test_get_room_shows_players" time="0.686" /><testcase classname="backend.tests.test_new_features.TestLoginWithUsername" name="test_login_with_username_success" time="0.429" /><testcase classname="backend.tests.test_new_features.TestLoginWithUsername" name="test_login_email_field_rejected" time="0.115" /><testcase classname="backend.tests.test_new_features.TestLoginWithUsername" name="test_login_wrong_username" time="0.140" /><testcase classname="backend.tests.test_new_features.TestLoginWithUsername" name="test_login_wrong_password" time="0.419" /><testcase classname="backend.tests.test_new_features.TestLoginWithUsername" name="test_register_requires_username" time="0.413" /><testcase classname="backend.tests.test_new_features.TestNumRoundsParameter" name="test_create_room_with_num_rounds" time="0.756" /><testcase classname="backend.tests.test_new_features.TestNumRoundsParameter" name="test_create_room_default_num_rounds" time="0.711" /><testcase classname="backend.tests.test_new_features.TestRoundDisplay" name="test_game_state_has_round_field" time="0.649" /><testcase classname="backend.tests.test_new_features.TestRoundDisplay" name="test_room_config_has_num_rounds_accessible" time="1.308" /><testcase classname="backend.tests.test_new_features.TestSpecialCardAutoActivation" name="test_special_card_sets_awaiting_flag" time="1.817" /><testcase classname="backend.tests.test_new_features.TestSpecialCardAutoActivation" name="test_exchange_with_special_sets_awaiting_flag" time="2.178" /><testcase classname="backend.tests.test_new_features.TestSkipSpecialAction" name="test_skip_special_clears_state_and_advances_turn" time="38.915" /><testcase classname="backend.tests.test_new_features.TestStatsEndpoint" name="test_get_user_stats_structure" time="0.711" /><testcase classname="backend.tests.test_new_features.TestStatsEndpoint" name="test_stats_requires_auth" time="0.157" /></testsuite></testsuites>