<?xml version="1.0" encoding="utf-8"?><testsuites name="pytest tests"><testsuite name="pytest" errors="0" failures="0" skipped="0" tests="9" time="6.199" timestamp="2026-02-13T18:28:14.388053+00:00" hostname="agent-env-535759db-709a-442b-85c2-35fb34b6f600"><testcase classname="backend.tests.test_round_features.TestAdminRights" name="test_rmng_admin_status_query" time="0.543" /><testcase classname="backend.tests.test_round_features.TestAdminRights" name="test_admin_users_endpoint_accessible" time="0.451" /><testcase classname="backend.tests.test_round_features.TestRoundSummary" name="test_create_multi_round_game" time="0.505" /><testcase classname="backend.tests.test_round_features.TestRoundSummary" name="test_start_next_round_action" time="0.686" /><testcase classname="backend.tests.test_round_features.TestRoundSummary" name="test_round_summary_data_structure" time="0.521" /><testcase classname="backend.tests.test_round_features.TestDeckRecycling" name="test_draw_deck_recycling_logic" time="0.510" /><testcase classname="backend.tests.test_round_features.TestCardReveal" name="test_reveal_card_action" time="0.766" /><testcase classname="backend.tests.test_round_features.TestCreatorOnlyActions" name="test_start_next_round_creator_only" time="0.893" /><testcase classname="backend.tests.test_round_features.TestIntegration" name="test_full_game_start_flow" time="1.245" /></testsuite></testsuites>