<?xml version="1.0" encoding="utf-8"?><testsuites name="pytest tests"><testsuite name="pytest" errors="0" failures="0" skipped="1" tests="14" time="14.591" timestamp="2026-02-13T17:14:36.331972+00:00" hostname="agent-env-535759db-709a-442b-85c2-35fb34b6f600"><testcase classname="backend.tests.test_new_features.TestLoginWithUsername" name="test_login_with_username_success" time="0.526" /><testcase classname="backend.tests.test_new_features.TestLoginWithUsername" name="test_login_email_field_rejected" time="0.129" /><testcase classname="backend.tests.test_new_features.TestLoginWithUsername" name="test_login_wrong_username" time="0.148" /><testcase classname="backend.tests.test_new_features.TestLoginWithUsername" name="test_login_wrong_password" time="0.345" /><testcase classname="backend.tests.test_new_features.TestLoginWithUsername" name="test_register_requires_username" time="0.385" /><testcase classname="backend.tests.test_new_features.TestNumRoundsParameter" name="test_create_room_with_num_rounds" time="0.763" /><testcase classname="backend.tests.test_new_features.TestNumRoundsParameter" name="test_create_room_default_num_rounds" time="1.343" /><testcase classname="backend.tests.test_new_features.TestRoundDisplay" name="test_game_state_has_round_field" time="0.708" /><testcase classname="backend.tests.test_new_features.TestRoundDisplay" name="test_room_config_has_num_rounds_accessible" time="0.640" /><testcase classname="backend.tests.test_new_features.TestSpecialCardAutoActivation" name="test_special_card_sets_awaiting_flag" time="1.779" /><testcase classname="backend.tests.test_new_features.TestSpecialCardAutoActivation" name="test_exchange_with_special_sets_awaiting_flag" time="1.532"><skipped type="pytest.skip" message="No special card in initial hand">/app/backend/tests/test_new_features.py:318: No special card in initial hand</skipped></testcase><testcase classname="backend.tests.test_new_features.TestSkipSpecialAction" name="test_skip_special_clears_state_and_advances_turn" time="5.345" /><testcase classname="backend.tests.test_new_features.TestStatsEndpoint" name="test_get_user_stats_structure" time="0.562" /><testcase classname="backend.tests.test_new_features.TestStatsEndpoint" name="test_stats_requires_auth" time="0.253" /></testsuite></testsuites>