<?xml version="1.0" encoding="utf-8"?><testsuites name="pytest tests"><testsuite name="pytest" errors="0" failures="2" skipped="1" tests="11" time="90.889" timestamp="2026-02-13T16:13:56.542339+00:00" hostname="agent-env-bc91fe6a-2b6e-48f7-bd4d-84f7dd459406"><testcase classname="backend.tests.test_cactus_features.TestCactusCallUsername" name="test_cactus_caller_username_is_set" time="2.615" /><testcase classname="backend.tests.test_cactus_features.TestCactusFinalTurnsCountdown" name="test_cactus_sets_remaining_final_turns" time="1.864" /><testcase classname="backend.tests.test_cactus_features.TestCactusFinalTurnsCountdown" name="test_cactus_turn_moves_to_next_player" time="1.612" /><testcase classname="backend.tests.test_cactus_features.TestCactusFinalTurnsCountdown" name="test_remaining_final_turns_decrements_to_end_game" time="3.767"><failure message="AssertionError: Expected phase 'ended', got 'playing'&#10;assert 'playing' == 'ended'&#10;  &#10;  - ended&#10;  + playing">backend/tests/test_cactus_features.py:161: in test_remaining_final_turns_decrements_to_end_game
    assert game_state["phase"] == "ended", \
E   AssertionError: Expected phase 'ended', got 'playing'
E   assert 'playing' == 'ended'
E     
E     - ended
E     + playing</failure></testcase><testcase classname="backend.tests.test_cactus_features.TestFastDiscardOnOpponent" name="test_successful_fast_discard_sets_pending_give_card" time="1.806" /><testcase classname="backend.tests.test_cactus_features.TestFastDiscardOnOpponent" name="test_give_card_action_transfers_card" time="1.573"><skipped type="pytest.skip" message="No matching card found for complete give_card test">/app/backend/tests/test_cactus_features.py:314: No matching card found for complete give_card test</skipped></testcase><testcase classname="backend.tests.test_cactus_features.TestSpecialCards" name="test_discard_8_sets_special_available" time="11.877" /><testcase classname="backend.tests.test_cactus_features.TestSpecialCards" name="test_special_look_own_with_jack" time="38.976" /><testcase classname="backend.tests.test_cactus_features.TestSpecialCards" name="test_special_look_opponent_with_8" time="4.813" /><testcase classname="backend.tests.test_cactus_features.TestSpecialCards" name="test_special_swap_with_10" time="18.067" /><testcase classname="backend.tests.test_cactus_features.TestGameEndScoring" name="test_game_ended_has_round_scores" time="3.812"><failure message="AssertionError: Expected phase 'ended', got 'playing'&#10;assert 'playing' == 'ended'&#10;  &#10;  - ended&#10;  + playing">backend/tests/test_cactus_features.py:637: in test_game_ended_has_round_scores
    assert game_state["phase"] == "ended", f"Expected phase 'ended', got '{game_state['phase']}'"
E   AssertionError: Expected phase 'ended', got 'playing'
E   assert 'playing' == 'ended'
E     
E     - ended
E     + playing</failure></testcase></testsuite></testsuites>